<?xml version="1.0" encoding="UTF-8"?>
<!-- Generated by org.testng.reporters.JUnitXMLReporter -->
<testsuite hostname="Tsss-Pc1-PC" name="Group Test Demo"
	tests="4" failures="0" timestamp="18 May 2013 05:58:26 GMT" time="0.046"
	errors="0">
	<testcase name="method3" time="0.022"
		classname="com.dealwallet.webdriver.samples.Groupprog" />
	<testcase name="method4" time="0.001"
		classname="com.dealwallet.webdriver.samples.Groupprog" />
	<testcase name="method1" time="0.001"
		classname="com.dealwallet.webdriver.samples.group1" />
	<testcase name="method3" time="0.001"
		classname="com.dealwallet.webdriver.samples.group1" />
</testsuite> <!-- Group Test Demo -->
