<?xml version="1.0" encoding="UTF-8"?>
<testng-results skipped="0" failed="0" total="1" passed="1">
  <reporter-output>
  </reporter-output>
  <suite name="Default suite" duration-ms="68171" started-at="2013-04-24T06:12:35Z" finished-at="2013-04-24T06:13:43Z">
    <groups>
    </groups>
    <test name="Default test" duration-ms="68171" started-at="2013-04-24T06:12:35Z" finished-at="2013-04-24T06:13:43Z">
      <class name="com.dealwallet.webdriver.selenium.scraping.Naaptol">
        <test-method status="PASS" signature="startup()[pri:0, instance:com.dealwallet.webdriver.selenium.scraping.Naaptol@a33d00]" name="startup" is-config="true" duration-ms="22063" started-at="2013-04-24T11:42:35Z" finished-at="2013-04-24T11:42:57Z">
          <reporter-output>
          </reporter-output>
        </test-method> <!-- startup -->
        <test-method status="PASS" signature="testnaaptol()[pri:0, instance:com.dealwallet.webdriver.selenium.scraping.Naaptol@a33d00]" name="testnaaptol" duration-ms="45640" started-at="2013-04-24T11:42:57Z" finished-at="2013-04-24T11:43:43Z">
          <reporter-output>
          </reporter-output>
        </test-method> <!-- testnaaptol -->
        <test-method status="PASS" signature="stop()[pri:0, instance:com.dealwallet.webdriver.selenium.scraping.Naaptol@a33d00]" name="stop" is-config="true" duration-ms="452" started-at="2013-04-24T11:43:43Z" finished-at="2013-04-24T11:43:43Z">
          <reporter-output>
          </reporter-output>
        </test-method> <!-- stop -->
      </class> <!-- com.dealwallet.webdriver.selenium.scraping.Naaptol -->
    </test> <!-- Default test -->
  </suite> <!-- Default suite -->
</testng-results>
