<?xml version="1.0" encoding="UTF-8"?>
<!-- Generated by org.testng.reporters.JUnitXMLReporter -->
<testsuite hostname="Tsss-Pc1-PC" name="Default test" tests="4" failures="0" timestamp="18 May 2013 05:04:01 GMT" time="0.041" errors="0">
  <testcase name="method1" time="0.015" classname="com.dealwallet.webdriver.samples.group1"/>
  <testcase name="method2" time="0.001" classname="com.dealwallet.webdriver.samples.group1"/>
  <testcase name="method3" time="0.002" classname="com.dealwallet.webdriver.samples.group1"/>
  <testcase name="method4" time="0.001" classname="com.dealwallet.webdriver.samples.group1"/>
</testsuite> <!-- Default test -->
